<?xml version="1.0" encoding="UTF-8"?>
<!-- Generated by org.testng.reporters.JUnitXMLReporter -->
<testsuite ignored="3" hostname="DESKTOP-FNVMUB9" failures="0" tests="4" name="Car loan" time="0.202" errors="0" timestamp="2024-12-19T16:30:55 IST">
  <testcase classname="section16.TestNg4_133" name="ApiCarLoan" time="0.045"/>
  <testcase classname="section16.TestNg4_133" name="WebLoginCarLoan" time="0.005"/>
  <testcase classname="section16.TestNg4_133" name="WebLoginCarLoan" time="0.011"/>
  <testcase classname="section16.TestNg4_133" name="WebLoginCarLoan" time="0.007"/>
  <testcase classname="section16.TestNg4_133" name="MobileLoginCarLoan" time="0.0">
    <ignored/>
  </testcase> <!-- MobileLoginCarLoan -->
  <testcase classname="section16.TestNg4_133" name="MobileSigninCarLoan" time="0.0">
    <ignored/>
  </testcase> <!-- MobileSigninCarLoan -->
  <testcase classname="section16.TestNg4_133" name="MobileSignoutCarLoan" time="0.0">
    <ignored/>
  </testcase> <!-- MobileSignoutCarLoan -->
</testsuite> <!-- Car loan -->
