<?xml version="1.0" encoding="UTF-8"?>
<!-- Generated by org.testng.reporters.JUnitXMLReporter -->
<testsuite ignored="7" hostname="DESKTOP-FNVMUB9" failures="0" tests="4" name="Regression" time="0.097" errors="0" timestamp="2024-12-18T21:08:31 IST">
  <testcase classname="section16.TestNg1_131" name="Demo" time="0.017"/>
  <testcase classname="section16.TestNg2_132" name="Demo3" time="0.003"/>
  <testcase classname="section16.TestNg3_133" name="MobileLoginHomeLoan" time="0.003"/>
  <testcase classname="section16.TestNg4_133" name="WebLoginCarLoan" time="0.004"/>
  <testcase classname="section16.TestNg4_133" name="MobileLoginCarLoan" time="0.0">
    <ignored/>
  </testcase> <!-- MobileLoginCarLoan -->
  <testcase classname="section16.TestNg1_131" name="Demo2" time="0.0">
    <ignored/>
  </testcase> <!-- Demo2 -->
  <testcase classname="section16.TestNg3_133" name="LoginApiHomeLoan" time="0.0">
    <ignored/>
  </testcase> <!-- LoginApiHomeLoan -->
  <testcase classname="section16.TestNg4_133" name="LoginApiCarLoan" time="0.0">
    <ignored/>
  </testcase> <!-- LoginApiCarLoan -->
  <testcase classname="section16.TestNg4_133" name="MobileSigninCarLoan" time="0.0">
    <ignored/>
  </testcase> <!-- MobileSigninCarLoan -->
  <testcase classname="section16.TestNg4_133" name="MobileSignoutCarLoan" time="0.0">
    <ignored/>
  </testcase> <!-- MobileSignoutCarLoan -->
  <testcase classname="section16.TestNg3_133" name="WebLoginHomeLoan" time="0.0">
    <ignored/>
  </testcase> <!-- WebLoginHomeLoan -->
</testsuite> <!-- Regression -->
