<?xml version="1.0" encoding="UTF-8"?>
<!-- Generated by org.testng.reporters.JUnitXMLReporter -->
<testsuite ignored="1" hostname="DESKTOP-FNVMUB9" failures="0" tests="4" name="Default test" time="0.124" errors="0" timestamp="2024-12-18T21:18:14 IST">
  <testcase classname="section16.TestNg4_133" name="MobileSignoutCarLoan" time="0.014"/>
  <testcase classname="section16.TestNg4_133" name="WebLoginCarLoan" time="0.007"/>
  <testcase classname="section16.TestNg4_133" name="MobileLoginCarLoan" time="0.004"/>
  <testcase classname="section16.TestNg4_133" name="ApiCarLoan" time="0.013"/>
  <testcase classname="section16.TestNg4_133" name="MobileSigninCarLoan" time="0.0">
    <ignored/>
  </testcase> <!-- MobileSigninCarLoan -->
</testsuite> <!-- Default test -->
