<?xml version="1.0" encoding="UTF-8"?>
<!-- Generated by org.testng.reporters.JUnitXMLReporter -->
<testsuite ignored="1" hostname="DESKTOP-FNVMUB9" failures="0" tests="2" name="Car loan" time="0.025" errors="0" timestamp="2024-12-17T21:12:15 IST">
  <testcase classname="section16.TestNg4_133" name="LoginApiCarLoan" time="0.004"/>
  <testcase classname="section16.TestNg4_133" name="WebLoginCarLoan" time="0.006"/>
  <testcase classname="section16.TestNg4_133" name="MobileLoginCarLoan" time="0.0">
    <ignored/>
  </testcase> <!-- MobileLoginCarLoan -->
</testsuite> <!-- Car loan -->
