<?xml version="1.0" encoding="UTF-8"?>
<!-- Generated by org.testng.reporters.JUnitXMLReporter -->
<testsuite ignored="2" hostname="DESKTOP-FNVMUB9" failures="0" tests="4" name="Personal loan" time="0.112" errors="0" timestamp="2024-12-17T21:12:15 IST">
  <testcase classname="section16.TestNg1_131" name="Demo" time="0.019"/>
  <testcase classname="section16.TestNg1_131" name="Demo2" time="0.002"/>
  <testcase classname="section16.TestNg2_132" name="Demo3" time="0.003"/>
  <testcase classname="section16.TestNg3_133" name="LoginApiHomeLoan" time="0.003"/>
  <testcase classname="section16.TestNg3_133" name="MobileLoginHomeLoan" time="0.0">
    <ignored/>
  </testcase> <!-- MobileLoginHomeLoan -->
  <testcase classname="section16.TestNg3_133" name="WebLoginHomeLoan" time="0.0">
    <ignored/>
  </testcase> <!-- WebLoginHomeLoan -->
</testsuite> <!-- Personal loan -->
